<?xml version="1.0" encoding="UTF-8"?>
<!-- Generated by org.testng.reporters.JUnitReportReporter -->
<testsuite hostname="inbl01lap7026" failures="0" tests="1" name="com.xyzbank.qa.testcases.TC002_LoginTest" time="6.102" errors="0" timestamp="2024-01-08T13:41:17 IST" skipped="0">
  <testcase classname="com.xyzbank.qa.testcases.TC002_LoginTest" name="verifyLogin" time="6.102"/>
  <system-out/>
</testsuite> <!-- com.xyzbank.qa.testcases.TC002_LoginTest -->
