<?xml version="1.0" encoding="UTF-8"?>
<!-- Generated by org.testng.reporters.JUnitReportReporter -->
<testsuite hostname="MOHAMMEDSULEMAN" failures="0" tests="1" name="com.xyzbank.qa.testcases.TC002_LoginTest" time="14.549" errors="0" timestamp="2024-01-08T15:42:48 IST" skipped="0">
  <testcase classname="com.xyzbank.qa.testcases.TC002_LoginTest" name="verifyLogin" time="14.549"/>
</testsuite> <!-- com.xyzbank.qa.testcases.TC002_LoginTest -->
