<?xml version="1.0" encoding="UTF-8"?>
<!-- Generated by org.testng.reporters.JUnitReportReporter -->
<testsuite hostname="inbl01lap7026" failures="0" tests="1" name="com.xyzbank.qa.testcases.SearchCustomerTest" time="12.156" errors="0" timestamp="2023-08-03T18:25:18 IST" skipped="0">
  <testcase classname="com.xyzbank.qa.testcases.SearchCustomerTest" name="verifySearch" time="12.156"/>
  <system-out/>
</testsuite> <!-- com.xyzbank.qa.testcases.SearchCustomerTest -->
