<?xml version="1.0" encoding="UTF-8"?>
<!-- Generated by org.testng.reporters.JUnitReportReporter -->
<testsuite hostname="MOHAMMEDSULEMAN" failures="0" tests="1" name="com.xyzbank.qa.testcases.TC002_LoginTest" time="15.374" errors="0" timestamp="2024-01-06T14:00:10 IST" skipped="0">
  <testcase classname="com.xyzbank.qa.testcases.TC002_LoginTest" name="verifyLogin" time="15.374"/>
</testsuite> <!-- com.xyzbank.qa.testcases.TC002_LoginTest -->
