<?xml version="1.0" encoding="UTF-8"?>
<!-- Generated by org.testng.reporters.JUnitReportReporter -->
<testsuite hostname="inbl01lap7026" failures="0" tests="1" name="com.xyzbank.qa.testcases.VerifyLoginFunctionality" time="5.585" errors="0" timestamp="2023-07-06T16:03:59 IST" skipped="0">
  <testcase classname="com.xyzbank.qa.testcases.VerifyLoginFunctionality" name="verifyLogin" time="5.585"/>
  <system-out/>
</testsuite> <!-- com.xyzbank.qa.testcases.VerifyLoginFunctionality -->
