<?xml version="1.0" encoding="UTF-8"?>
<!-- Generated by org.testng.reporters.JUnitReportReporter -->
<testsuite hostname="MOHAMMEDSULEMAN" failures="0" tests="1" name="com.xyzbank.qa.testcases.TC004_OpenNewAccountTest" time="13.695" errors="0" timestamp="2024-01-08T15:45:05 IST" skipped="0">
  <testcase classname="com.xyzbank.qa.testcases.TC004_OpenNewAccountTest" name="createAccount" time="13.695"/>
</testsuite> <!-- com.xyzbank.qa.testcases.TC004_OpenNewAccountTest -->
