<?xml version="1.0" encoding="UTF-8"?>
<!-- Generated by org.testng.reporters.JUnitReportReporter -->
<testsuite hostname="inbl01lap7026" failures="0" tests="1" name="com.xyzbank.qa.testcases.VerifyHomepage" time="2.780" errors="0" timestamp="2023-07-06T13:47:50 IST" skipped="0">
  <testcase classname="com.xyzbank.qa.testcases.VerifyHomepage" name="homePageTest" time="2.780"/>
  <system-out/>
</testsuite> <!-- com.xyzbank.qa.testcases.VerifyHomepage -->
