<?xml version="1.0" encoding="UTF-8"?>
<!-- Generated by org.testng.reporters.JUnitReportReporter -->
<testsuite hostname="inbl01lap7026" failures="0" tests="1" name="com.xyzbank.qa.testcases.TC005_SearchCustomerTest" time="6.322" errors="0" timestamp="2024-01-08T13:41:17 IST" skipped="0">
  <testcase classname="com.xyzbank.qa.testcases.TC005_SearchCustomerTest" name="verifySearch" time="6.322"/>
  <system-out/>
</testsuite> <!-- com.xyzbank.qa.testcases.TC005_SearchCustomerTest -->
