<?xml version="1.0" encoding="UTF-8"?>
<!-- Generated by org.testng.reporters.JUnitReportReporter -->
<testsuite hostname="MOHAMMEDSULEMAN" failures="0" tests="1" name="com.xyzbank.qa.testcases.TC005_SearchCustomerTest" time="13.747" errors="0" timestamp="2024-01-06T14:00:10 IST" skipped="0">
  <testcase classname="com.xyzbank.qa.testcases.TC005_SearchCustomerTest" name="verifySearch" time="13.747"/>
</testsuite> <!-- com.xyzbank.qa.testcases.TC005_SearchCustomerTest -->
