<?xml version="1.0" encoding="UTF-8"?>
<!-- Generated by org.testng.reporters.JUnitReportReporter -->
<testsuite hostname="inbl01lap7026" failures="0" tests="1" name="com.xyzbank.qa.testcases.SearchCustomerTest" time="10.924" errors="0" timestamp="2023-08-03T16:19:25 IST" skipped="0">
  <testcase classname="com.xyzbank.qa.testcases.SearchCustomerTest" name="verifySearch" time="10.924"/>
  <system-out/>
</testsuite> <!-- com.xyzbank.qa.testcases.SearchCustomerTest -->
