<?xml version="1.0" encoding="UTF-8"?>
<!-- Generated by org.testng.reporters.JUnitReportReporter -->
<testsuite hostname="inbl01lap7026" failures="0" tests="1" name="com.xyzbank.qa.testcases.LoginTest" time="0.000" errors="0" timestamp="2023-07-06T19:13:28 IST" skipped="1">
  <testcase classname="com.xyzbank.qa.testcases.LoginTest" name="verifyLogin" time="0.000">
    <skipped/>
  </testcase> <!-- verifyLogin -->
  <system-out/>
</testsuite> <!-- com.xyzbank.qa.testcases.LoginTest -->
