<?xml version="1.0" encoding="UTF-8"?>
<!-- Generated by org.testng.reporters.JUnitReportReporter -->
<testsuite hostname="inbl01lap7026" failures="0" tests="1" name="com.xyzbank.qa.testcases.AddNewCustomerTest" time="9.797" errors="0" timestamp="2023-08-03T14:29:27 IST" skipped="0">
  <testcase classname="com.xyzbank.qa.testcases.AddNewCustomerTest" name="verifyManagerLogin" time="9.797"/>
  <system-out/>
</testsuite> <!-- com.xyzbank.qa.testcases.AddNewCustomerTest -->
